#
# There is insufficient memory for the Java Runtime Environment to continue.
# Native memory allocation (malloc) failed to allocate 177696 bytes for Chunk::new
# Possible reasons:
#   The system is out of physical RAM or swap space
#   In 32 bit mode, the process size limit was hit
# Possible solutions:
#   Reduce memory load on the system
#   Increase physical memory or swap space
#   Check if swap backing store is full
#   Use 64 bit Java on a 64 bit OS
#   Decrease Java heap size (-Xmx/-Xms)
#   Decrease number of Java threads
#   Decrease Java thread stack sizes (-Xss)
#   Set larger code cache with -XX:ReservedCodeCacheSize=
# This output file may be truncated or incomplete.
#
#  Out of Memory Error (allocation.cpp:390), pid=37168, tid=0x0000000000005640
#
# JRE version: Java(TM) SE Runtime Environment (8.0_172-b11) (build 1.8.0_172-b11)
# Java VM: Java HotSpot(TM) 64-Bit Server VM (25.172-b11 mixed mode windows-amd64 compressed oops)
# Failed to write core dump. Minidumps are not enabled by default on client versions of Windows
#

---------------  T H R E A D  ---------------

Current thread (0x000000001c75f000):  JavaThread "C2 CompilerThread0" daemon [_thread_in_native, id=22080, stack(0x000000001e280000,0x000000001e380000)]

Stack: [0x000000001e280000,0x000000001e380000]
[error occurred during error reporting (printing stack bounds), id 0xc0000005]

Native frames: (J=compiled Java code, j=interpreted, Vv=VM code, C=native code)


Current CompileTask:
C2:   1358 1103       4       java.io.DataOutputStream::writeUTF (435 bytes)


---------------  P R O C E S S  ---------------

Java Threads: ( => current thread )
  0x000000001de34000 JavaThread "Unknown thread" [_thread_blocked, id=34576, stack(0x000000001e580000,0x000000001e680000)]
  0x000000001c763800 JavaThread "Unknown thread" [_thread_blocked, id=32512, stack(0x000000001e480000,0x000000001e580000)]
  0x000000001c762800 JavaThread "Unknown thread" [_thread_blocked, id=6740, stack(0x000000001e380000,0x000000001e480000)]
=>0x000000001c75f000 JavaThread "Unknown thread" [_thread_in_native, id=22080, stack(0x000000001e280000,0x000000001e380000)]
  0x000000001c749000 JavaThread "Unknown thread" [_thread_in_native, id=10336, stack(0x000000001e180000,0x000000001e280000)]
  0x000000001c722000 JavaThread "Unknown thread" [_thread_blocked, id=38848, stack(0x000000001dc80000,0x000000001dd80000)]
  0x000000001c71f000 JavaThread "Unknown thread" [_thread_blocked, id=34580, stack(0x000000001db80000,0x000000001dc80000)]
  0x000000000315c800 JavaThread "Unknown thread" [_thread_blocked, id=8596, stack(0x000000001d980000,0x000000001da80000)]
  0x000000001c6e9000 JavaThread "Unknown thread" [_thread_blocked, id=12032, stack(0x000000001d880000,0x000000001d980000)]
  0x0000000003063800 JavaThread "Unknown thread" [_thread_blocked, id=34524, stack(0x0000000002e40000,0x0000000002f40000)]

Other Threads:
  0x000000001c6e7800 VMThread [stack: 0x000000001d780000,0x000000001d880000] [id=36852]
  0x000000001de4e000 WatcherThread [stack: 0x000000001e680000,0x000000001e780000] [id=35584]

VM state:at safepoint (normal execution)

VM Mutex/Monitor currently owned by a thread:  ([mutex/lock_event])
[0x0000000003060cd0] Threads_lock - owner thread: 0x000000001c6e7800
[0x0000000003061de0] Heap_lock - owner thread: 0x0000000003063800

Heap:
 PSYoungGen      total 76288K, used 4735K [0x000000076b500000, 0x0000000770a00000, 0x00000007c0000000)
  eden space 65536K, 0% used [0x000000076b500000,0x000000076b500000,0x000000076f500000)
  from space 10752K, 44% used [0x000000076ff80000,0x000000077041ffc8,0x0000000770a00000)
  to   space 10752K, 0% used [0x000000076f500000,0x000000076f500000,0x000000076ff80000)
 ParOldGen       total 175104K, used 24K [0x00000006c1e00000, 0x00000006cc900000, 0x000000076b500000)
  object space 175104K, 0% used [0x00000006c1e00000,0x00000006c1e06000,0x00000006cc900000)
 Metaspace       used 12331K, capacity 12524K, committed 12672K, reserved 1064960K
  class space    used 1517K, capacity 1573K, committed 1664K, reserved 1048576K

Card table byte_map: [0x0000000012520000,0x0000000012d20000] byte_map_base: 0x000000000ef11000

Marking Bits: (ParMarkBitMap*) 0x00000000520c3c10
 Begin Bits: [0x0000000013670000, 0x00000000175f8000)
 End Bits:   [0x00000000175f8000, 0x000000001b580000)

Polling page: 0x0000000001080000

CodeCache: size=245760Kb used=4351Kb max_used=4351Kb free=241408Kb
 bounds [0x0000000003160000, 0x00000000035b0000, 0x0000000012160000]
 total_blobs=1446 nmethods=1105 adapters=253
 compilation: enabled

Compilation events (10 events):
Event: 1.343 Thread 0x000000001c75f000 1103       4       java.io.DataOutputStream::writeUTF (435 bytes)
Event: 1.343 Thread 0x000000001c763800 nmethod 1102 0x00000000035a1310 code [0x00000000035a1460, 0x00000000035a1610]
Event: 1.345 Thread 0x000000001c763800 1104       3       com.google.common.cache.LocalCache::refreshes (15 bytes)
Event: 1.345 Thread 0x000000001c763800 nmethod 1104 0x00000000035a16d0 code [0x00000000035a1820, 0x00000000035a19d0]
Event: 1.346 Thread 0x000000001c763800 1105       3       org.eclipse.sisu.space.asm.ByteVector::putShort (52 bytes)
Event: 1.346 Thread 0x000000001c763800 nmethod 1105 0x00000000035a1a50 code [0x00000000035a1bc0, 0x00000000035a1e28]
Event: 1.348 Thread 0x000000001c763800 1106       1       com.google.inject.Key$NullAnnotationStrategy::getAnnotationType (2 bytes)
Event: 1.348 Thread 0x000000001c763800 nmethod 1106 0x00000000035a1f90 code [0x00000000035a20e0, 0x00000000035a21f0]
Event: 1.349 Thread 0x000000001c763800 1107       3       sun.misc.ProxyGenerator::access$700 (7 bytes)
Event: 1.349 Thread 0x000000001c763800 nmethod 1107 0x00000000035a2250 code [0x00000000035a23c0, 0x00000000035a25a8]

GC Heap History (3 events):
Event: 1.216 GC heap before
{Heap before GC invocations=1 (full 0):
 PSYoungGen      total 76288K, used 65536K [0x000000076b500000, 0x0000000770a00000, 0x00000007c0000000)
  eden space 65536K, 100% used [0x000000076b500000,0x000000076f500000,0x000000076f500000)
  from space 10752K, 0% used [0x000000076ff80000,0x000000076ff80000,0x0000000770a00000)
  to   space 10752K, 0% used [0x000000076f500000,0x000000076f500000,0x000000076ff80000)
 ParOldGen       total 175104K, used 0K [0x00000006c1e00000, 0x00000006cc900000, 0x000000076b500000)
  object space 175104K, 0% used [0x00000006c1e00000,0x00000006c1e00000,0x00000006cc900000)
 Metaspace       used 10828K, capacity 11038K, committed 11136K, reserved 1058816K
  class space    used 1312K, capacity 1375K, committed 1408K, reserved 1048576K
Event: 1.224 GC heap after
Heap after GC invocations=1 (full 0):
 PSYoungGen      total 76288K, used 8195K [0x000000076b500000, 0x0000000770a00000, 0x00000007c0000000)
  eden space 65536K, 0% used [0x000000076b500000,0x000000076b500000,0x000000076f500000)
  from space 10752K, 76% used [0x000000076f500000,0x000000076fd00ce8,0x000000076ff80000)
  to   space 10752K, 0% used [0x000000076ff80000,0x000000076ff80000,0x0000000770a00000)
 ParOldGen       total 175104K, used 16K [0x00000006c1e00000, 0x00000006cc900000, 0x000000076b500000)
  object space 175104K, 0% used [0x00000006c1e00000,0x00000006c1e04000,0x00000006cc900000)
 Metaspace       used 10828K, capacity 11038K, committed 11136K, reserved 1058816K
  class space    used 1312K, capacity 1375K, committed 1408K, reserved 1048576K
}
Event: 1.349 GC heap before
{Heap before GC invocations=2 (full 0):
 PSYoungGen      total 76288K, used 25286K [0x000000076b500000, 0x0000000770a00000, 0x00000007c0000000)
  eden space 65536K, 26% used [0x000000076b500000,0x000000076c5b0d38,0x000000076f500000)
  from space 10752K, 76% used [0x000000076f500000,0x000000076fd00ce8,0x000000076ff80000)
  to   space 10752K, 0% used [0x000000076ff80000,0x000000076ff80000,0x0000000770a00000)
 ParOldGen       total 175104K, used 16K [0x00000006c1e00000, 0x00000006cc900000, 0x000000076b500000)
  object space 175104K, 0% used [0x00000006c1e00000,0x00000006c1e04000,0x00000006cc900000)
 Metaspace       used 12331K, capacity 12524K, committed 12672K, reserved 1064960K
  class space    used 1517K, capacity 1573K, committed 1664K, reserved 1048576K

Deoptimization events (9 events):
Event: 0.893 Thread 0x0000000003063800 Uncommon trap: reason=unstable_if action=reinterpret pc=0x00000000033fff84 method=java.util.HashMap.getNode(ILjava/lang/Object;)Ljava/util/HashMap$Node; @ 129
Event: 0.899 Thread 0x0000000003063800 Uncommon trap: reason=unstable_if action=reinterpret pc=0x0000000003366ee8 method=org.codehaus.plexus.util.xml.pull.MXParser.more()C @ 8
Event: 0.928 Thread 0x0000000003063800 Uncommon trap: reason=unstable_if action=reinterpret pc=0x0000000003442ed4 method=sun.nio.cs.StreamDecoder.implRead([CII)I @ 71
Event: 0.961 Thread 0x0000000003063800 Uncommon trap: reason=unstable_if action=reinterpret pc=0x000000000344c5d8 method=sun.nio.cs.StreamDecoder.implRead([CII)I @ 197
Event: 0.978 Thread 0x0000000003063800 Uncommon trap: reason=unstable_if action=reinterpret pc=0x0000000003450f90 method=java.io.Reader.read()I @ 12
Event: 0.986 Thread 0x0000000003063800 Uncommon trap: reason=unstable_if action=reinterpret pc=0x0000000003457e58 method=org.codehaus.plexus.util.xml.pull.MXParser.nextImpl()I @ 241
Event: 1.041 Thread 0x0000000003063800 Uncommon trap: reason=unstable_if action=reinterpret pc=0x0000000003408318 method=java.util.HashMap.getNode(ILjava/lang/Object;)Ljava/util/HashMap$Node; @ 129
Event: 1.117 Thread 0x0000000003063800 Uncommon trap: reason=range_check action=make_not_entrant pc=0x00000000034bbda8 method=sun.reflect.generics.parser.SignatureParser.current()C @ 34
Event: 1.141 Thread 0x0000000003063800 Uncommon trap: reason=bimorphic action=maybe_recompile pc=0x00000000034c5530 method=java.util.HashMap.putVal(ILjava/lang/Object;Ljava/lang/Object;ZZ)Ljava/lang/Object; @ 203

Classes redefined (0 events):
No events

Internal exceptions (10 events):
Event: 0.193 Thread 0x0000000003063800 Exception <a 'java/security/PrivilegedActionException'> (0x000000076bbc9130) thrown at [C:\re\workspace\8-2-build-windows-amd64-cygwin\jdk8u172\10810\hotspot\src\share\vm\prims\jvm.cpp, line 1435]
Event: 0.885 Thread 0x0000000003063800 Exception <a 'java/lang/ArrayIndexOutOfBoundsException'> (0x000000076d13cd18) thrown at [C:\re\workspace\8-2-build-windows-amd64-cygwin\jdk8u172\10810\hotspot\src\share\vm\runtime\sharedRuntime.cpp, line 605]
Event: 0.888 Thread 0x0000000003063800 Exception <a 'java/lang/ArrayIndexOutOfBoundsException'> (0x000000076d15fe20) thrown at [C:\re\workspace\8-2-build-windows-amd64-cygwin\jdk8u172\10810\hotspot\src\share\vm\runtime\sharedRuntime.cpp, line 605]
Event: 0.892 Thread 0x0000000003063800 Exception <a 'java/lang/ArrayIndexOutOfBoundsException'> (0x000000076d1aafa0) thrown at [C:\re\workspace\8-2-build-windows-amd64-cygwin\jdk8u172\10810\hotspot\src\share\vm\runtime\sharedRuntime.cpp, line 605]
Event: 0.992 Thread 0x0000000003063800 Exception <a 'java/lang/ArrayIndexOutOfBoundsException'> (0x000000076de52b60) thrown at [C:\re\workspace\8-2-build-windows-amd64-cygwin\jdk8u172\10810\hotspot\src\share\vm\runtime\sharedRuntime.cpp, line 605]
Event: 0.993 Thread 0x0000000003063800 Exception <a 'java/lang/ArrayIndexOutOfBoundsException'> (0x000000076de574c0) thrown at [C:\re\workspace\8-2-build-windows-amd64-cygwin\jdk8u172\10810\hotspot\src\share\vm\runtime\sharedRuntime.cpp, line 605]
Event: 1.038 Thread 0x0000000003063800 Exception <a 'java/lang/ArrayIndexOutOfBoundsException'> (0x000000076e15f8e0) thrown at [C:\re\workspace\8-2-build-windows-amd64-cygwin\jdk8u172\10810\hotspot\src\share\vm\runtime\sharedRuntime.cpp, line 605]
Event: 1.047 Thread 0x0000000003063800 Exception <a 'java/lang/ArrayIndexOutOfBoundsException'> (0x000000076e246db0) thrown at [C:\re\workspace\8-2-build-windows-amd64-cygwin\jdk8u172\10810\hotspot\src\share\vm\runtime\sharedRuntime.cpp, line 605]
Event: 1.117 Thread 0x0000000003063800 Exception <a 'java/lang/ArrayIndexOutOfBoundsException': 85> (0x000000076e8483f0) thrown at [C:\re\workspace\8-2-build-windows-amd64-cygwin\jdk8u172\10810\hotspot\src\share\vm\interpreter\interpreterRuntime.cpp, line 366]
Event: 1.117 Thread 0x0000000003063800 Exception <a 'java/lang/ArrayIndexOutOfBoundsException': 40> (0x000000076e849270) thrown at [C:\re\workspace\8-2-build-windows-amd64-cygwin\jdk8u172\10810\hotspot\src\share\vm\interpreter\interpreterRuntime.cpp, line 366]

Events (10 events):
Event: 1.347 loading class sun/reflect/generics/repository/ConstructorRepository done
Event: 1.347 loading class sun/reflect/generics/tree/VoidDescriptor
Event: 1.347 loading class sun/reflect/generics/tree/VoidDescriptor done
Event: 1.347 loading class sun/reflect/generics/tree/MethodTypeSignature
Event: 1.347 loading class sun/reflect/generics/tree/MethodTypeSignature done
Event: 1.347 loading class org/apache/maven/ArtifactFilterManagerDelegate
Event: 1.347 loading class org/apache/maven/ArtifactFilterManagerDelegate done
Event: 1.348 loading class org/eclipse/sisu/Nullable
Event: 1.348 loading class org/eclipse/sisu/Nullable done
Event: 1.349 Executing VM operation: CollectForMetadataAllocation


Dynamic libraries:
0x00007ff61d750000 - 0x00007ff61d787000 	C:\Program Files\Java\jdk1.8.0_172\bin\java.exe
0x00007fff067c0000 - 0x00007fff069b0000 	C:\WINDOWS\SYSTEM32\ntdll.dll
0x00007fff04870000 - 0x00007fff04922000 	C:\WINDOWS\System32\KERNEL32.DLL
0x00007fff039d0000 - 0x00007fff03c75000 	C:\WINDOWS\System32\KERNELBASE.dll
0x00007fff04ff0000 - 0x00007fff05093000 	C:\WINDOWS\System32\ADVAPI32.dll
0x00007fff05930000 - 0x00007fff059ce000 	C:\WINDOWS\System32\msvcrt.dll
0x00007fff05580000 - 0x00007fff05617000 	C:\WINDOWS\System32\sechost.dll
0x00007fff04a90000 - 0x00007fff04baf000 	C:\WINDOWS\System32\RPCRT4.dll
0x00007fff05a40000 - 0x00007fff05bd4000 	C:\WINDOWS\System32\USER32.dll
0x00007fff04740000 - 0x00007fff04761000 	C:\WINDOWS\System32\win32u.dll
0x00007fff04ef0000 - 0x00007fff04f16000 	C:\WINDOWS\System32\GDI32.dll
0x00007fff04500000 - 0x00007fff04698000 	C:\WINDOWS\System32\gdi32full.dll
0x00007fff046a0000 - 0x00007fff0473e000 	C:\WINDOWS\System32\msvcp_win.dll
0x00007fff04400000 - 0x00007fff044fa000 	C:\WINDOWS\System32\ucrtbase.dll
0x00007ffeedd70000 - 0x00007ffeedff4000 	C:\WINDOWS\WinSxS\amd64_microsoft.windows.common-controls_6595b64144ccf1df_6.0.18362.1440_none_9e7dbfb9e45e8e67\COMCTL32.dll
0x00007fff04bb0000 - 0x00007fff04ee6000 	C:\WINDOWS\System32\combase.dll
0x00007fff03750000 - 0x00007fff037d1000 	C:\WINDOWS\System32\bcryptPrimitives.dll
0x00007fff05f40000 - 0x00007fff05f6e000 	C:\WINDOWS\System32\IMM32.DLL
0x0000000052170000 - 0x0000000052242000 	C:\Program Files\Java\jdk1.8.0_172\jre\bin\msvcr100.dll
0x00000000518a0000 - 0x0000000052143000 	C:\Program Files\Java\jdk1.8.0_172\jre\bin\server\jvm.dll
0x00007ffeefd10000 - 0x00007ffeefd19000 	C:\WINDOWS\SYSTEM32\WSOCK32.dll
0x00007fff01050000 - 0x00007fff01074000 	C:\WINDOWS\SYSTEM32\WINMM.dll
0x00007ffefc4e0000 - 0x00007ffefc4ea000 	C:\WINDOWS\SYSTEM32\VERSION.dll
0x00007fff05d80000 - 0x00007fff05d88000 	C:\WINDOWS\System32\PSAPI.DLL
0x00007fff058c0000 - 0x00007fff0592f000 	C:\WINDOWS\System32\WS2_32.dll
0x00007fff01020000 - 0x00007fff0104d000 	C:\WINDOWS\SYSTEM32\winmmbase.dll
0x00007fff04770000 - 0x00007fff047ba000 	C:\WINDOWS\System32\cfgmgr32.dll
0x0000000052330000 - 0x000000005233f000 	C:\Program Files\Java\jdk1.8.0_172\jre\bin\verify.dll
0x0000000052300000 - 0x0000000052329000 	C:\Program Files\Java\jdk1.8.0_172\jre\bin\java.dll
0x00000000517c0000 - 0x00000000517e3000 	C:\Program Files\Java\jdk1.8.0_172\jre\bin\instrument.dll
0x0000000051880000 - 0x0000000051896000 	C:\Program Files\Java\jdk1.8.0_172\jre\bin\zip.dll
0x00007fff05f70000 - 0x00007fff06658000 	C:\WINDOWS\System32\SHELL32.dll
0x00007fff066d0000 - 0x00007fff06777000 	C:\WINDOWS\System32\shcore.dll
0x00007fff03c80000 - 0x00007fff043fb000 	C:\WINDOWS\System32\windows.storage.dll
0x00007fff036a0000 - 0x00007fff036be000 	C:\WINDOWS\System32\profapi.dll
0x00007fff036c0000 - 0x00007fff0370a000 	C:\WINDOWS\System32\powrprof.dll
0x00007fff03670000 - 0x00007fff03680000 	C:\WINDOWS\System32\UMPDC.dll
0x00007fff05510000 - 0x00007fff05562000 	C:\WINDOWS\System32\shlwapi.dll
0x00007fff03680000 - 0x00007fff03691000 	C:\WINDOWS\System32\kernel.appcore.dll
0x00007fff03730000 - 0x00007fff03747000 	C:\WINDOWS\System32\cryptsp.dll
0x00007ffef4540000 - 0x00007ffef455a000 	C:\Program Files\JetBrains\IntelliJ IDEA Community Edition 2019.2.4\bin\breakgen64.dll
0x0000000051860000 - 0x000000005187a000 	C:\Program Files\Java\jdk1.8.0_172\jre\bin\net.dll
0x00007fff02e50000 - 0x00007fff02eb7000 	C:\WINDOWS\system32\mswsock.dll
0x00007fff029d0000 - 0x00007fff02a03000 	C:\WINDOWS\system32\rsaenh.dll
0x00007fff039a0000 - 0x00007fff039c6000 	C:\WINDOWS\System32\bcrypt.dll
0x00007fff03590000 - 0x00007fff035b5000 	C:\WINDOWS\SYSTEM32\USERENV.dll
0x00007fff03020000 - 0x00007fff0302c000 	C:\WINDOWS\SYSTEM32\CRYPTBASE.dll
0x00007fff02b60000 - 0x00007fff02b9a000 	C:\WINDOWS\SYSTEM32\IPHLPAPI.DLL
0x00007fff06660000 - 0x00007fff06668000 	C:\WINDOWS\System32\NSI.dll
0x00007ffefdb50000 - 0x00007ffefdb66000 	C:\WINDOWS\SYSTEM32\dhcpcsvc6.DLL
0x00007ffefc7d0000 - 0x00007ffefc7ec000 	C:\WINDOWS\SYSTEM32\dhcpcsvc.DLL
0x00007fff02ba0000 - 0x00007fff02c6b000 	C:\WINDOWS\SYSTEM32\DNSAPI.dll
0x0000000051840000 - 0x0000000051851000 	C:\Program Files\Java\jdk1.8.0_172\jre\bin\nio.dll
0x00007ffef4690000 - 0x00007ffef469a000 	C:\Users\adandekar\AppData\Local\Temp\jansi-1.17.1-6442295472728378055.dll
0x00007ffef43c0000 - 0x00007ffef43ca000 	C:\Users\adandekar\AppData\Local\Temp\jansi-1.17.1-5793851950440234201.dll

VM Arguments:
jvm_args: -Dmaven.multiModuleProjectDirectory=D:\myWork\docs\Personal\Projects\CodingChanllenges\JobManagementSystem -Dmaven.home=C:\Program Files\JetBrains\IntelliJ IDEA Community Edition 2019.2.4\plugins\maven\lib\maven3 -Dclassworlds.conf=C:\Program Files\JetBrains\IntelliJ IDEA Community Edition 2019.2.4\plugins\maven\lib\maven3\bin\m2.conf -Dmaven.ext.class.path=C:\Program Files\JetBrains\IntelliJ IDEA Community Edition 2019.2.4\plugins\maven\lib\maven-event-listener.jar -javaagent:C:\Program Files\JetBrains\IntelliJ IDEA Community Edition 2019.2.4\lib\idea_rt.jar=62498:C:\Program Files\JetBrains\IntelliJ IDEA Community Edition 2019.2.4\bin -Dfile.encoding=UTF-8 -Djava.net.preferIPv4Stack=true 
java_command: org.codehaus.classworlds.Launcher -Didea.version2019.2.4 compile
java_class_path (initial): C:\Program Files\JetBrains\IntelliJ IDEA Community Edition 2019.2.4\plugins\maven\lib\maven3\boot\plexus-classworlds-2.6.0.jar;C:\Program Files\JetBrains\IntelliJ IDEA Community Edition 2019.2.4\lib\idea_rt.jar
Launcher Type: SUN_STANDARD

Environment Variables:
JAVA_HOME=C:\Program Files\Java\jdk1.8.0_172
_JAVA_OPTIONS=-Djava.net.preferIPv4Stack=true
PATH=C:\Program Files (x86)\Common Files\Oracle\Java\javapath;C:\WINDOWS\system32;C:\WINDOWS;C:\WINDOWS\System32\Wbem;C:\WINDOWS\System32\WindowsPowerShell\v1.0\;C:\WINDOWS\System32\OpenSSH\;C:\Program Files (x86)\Intel\Intel(R) Management Engine Components\DAL;C:\Program Files\Intel\Intel(R) Management Engine Components\DAL;C:\Program Files\TortoiseSVN\bin;C:\Program Files\Java\jdk1.8.0_172\bin;D:\Installations\apache-maven-3.2.1\bin;C:\Program Files\PuTTY\;C:\Program Files\SlikSvn\bin;C:\Program Files\nodejs\;C:\Program Files (x86)\Sennheiser\SenncomSDK\;C:\Users\adandekar\AppData\Local\Microsoft\WindowsApps;C:\Users\adandekar\AppData\Roaming\npm;C:\Users\adandekar\AppData\Local\Programs\Git\cmd;C:\Users\adandekar\AppData\Local\Programs\Microsoft VS Code\bin
USERNAME=adandekar
OS=Windows_NT
PROCESSOR_IDENTIFIER=Intel64 Family 6 Model 142 Stepping 11, GenuineIntel



---------------  S Y S T E M  ---------------

OS: Windows 10.0 , 64 bit Build 18362 (10.0.18362.1350)

CPU:total 4 (initial active 4) (4 cores per cpu, 2 threads per core) family 6 model 142 stepping 11, cmov, cx8, fxsr, mmx, sse, sse2, sse3, ssse3, sse4.1, sse4.2, popcnt, avx, avx2, aes, clmul, erms, 3dnowpref, lzcnt, ht, tsc, tscinvbit, bmi1, bmi2, adx

Memory: 4k page, physical 16647884k(1679508k free), swap 33809480k(83984k free)

vm_info: Java HotSpot(TM) 64-Bit Server VM (25.172-b11) for windows-amd64 JRE (1.8.0_172-b11), built on Mar 28 2018 21:21:52 by "java_re" with MS VC++ 10.0 (VS2010)

time: Sun Aug 01 15:57:54 2021
elapsed time: 1 seconds (0d 0h 0m 1s)

