#
# There is insufficient memory for the Java Runtime Environment to continue.
# Native memory allocation (malloc) failed to allocate 32744 bytes for ChunkPool::allocate
# Possible reasons:
#   The system is out of physical RAM or swap space
#   In 32 bit mode, the process size limit was hit
# Possible solutions:
#   Reduce memory load on the system
#   Increase physical memory or swap space
#   Check if swap backing store is full
#   Use 64 bit Java on a 64 bit OS
#   Decrease Java heap size (-Xmx/-Xms)
#   Decrease number of Java threads
#   Decrease Java thread stack sizes (-Xss)
#   Set larger code cache with -XX:ReservedCodeCacheSize=
# This output file may be truncated or incomplete.
#
#  Out of Memory Error (allocation.cpp:273), pid=4080, tid=0x0000000000004ee0
#
# JRE version: Java(TM) SE Runtime Environment (8.0_172-b11) (build 1.8.0_172-b11)
# Java VM: Java HotSpot(TM) 64-Bit Server VM (25.172-b11 mixed mode windows-amd64 compressed oops)
# Failed to write core dump. Minidumps are not enabled by default on client versions of Windows
#

---------------  T H R E A D  ---------------

Current thread (0x000000001c490800):  JavaThread "C2 CompilerThread1" daemon [_thread_in_native, id=20192, stack(0x000000001e0c0000,0x000000001e1c0000)]

Stack: [0x000000001e0c0000,0x000000001e1c0000]
[error occurred during error reporting (printing stack bounds), id 0xc0000005]

Native frames: (J=compiled Java code, j=interpreted, Vv=VM code, C=native code)


Current CompileTask:
C2:   6255 4537   !   4       lombok.core.AST::buildWithField0 (121 bytes)


---------------  P R O C E S S  ---------------

Java Threads: ( => current thread )
  0x000000001db7a000 JavaThread "Service Thread" daemon [_thread_blocked, id=38672, stack(0x000000001e2c0000,0x000000001e3c0000)]
  0x000000001c49a800 JavaThread "C1 CompilerThread2" daemon [_thread_in_vm, id=6212, stack(0x000000001e1c0000,0x000000001e2c0000)]
=>0x000000001c490800 JavaThread "C2 CompilerThread1" daemon [_thread_in_native, id=20192, stack(0x000000001e0c0000,0x000000001e1c0000)]
  0x000000001c48d000 JavaThread "C2 CompilerThread0" daemon [_thread_in_native, id=36064, stack(0x000000001dfc0000,0x000000001e0c0000)]
  0x000000001c46a800 JavaThread "Monitor Ctrl-Break" daemon [_thread_in_native, id=19632, stack(0x000000001dec0000,0x000000001dfc0000)]
  0x000000001c450800 JavaThread "Attach Listener" daemon [_thread_blocked, id=17224, stack(0x000000001d9c0000,0x000000001dac0000)]
  0x000000001c44f800 JavaThread "Signal Dispatcher" daemon [_thread_blocked, id=38584, stack(0x000000001d8c0000,0x000000001d9c0000)]
  0x000000001c440800 JavaThread "Finalizer" daemon [_thread_blocked, id=20112, stack(0x000000001d6c0000,0x000000001d7c0000)]
  0x0000000002e84000 JavaThread "Reference Handler" daemon [_thread_blocked, id=35188, stack(0x000000001d5c0000,0x000000001d6c0000)]
  0x0000000002d93800 JavaThread "main" [_thread_in_native, id=13948, stack(0x00000000011f0000,0x00000000012f0000)]

Other Threads:
  0x000000001c418000 VMThread [stack: 0x000000001d4c0000,0x000000001d5c0000] [id=29872]
  0x000000001db8e800 WatcherThread [stack: 0x000000001e3c0000,0x000000001e4c0000] [id=33108]

VM state:not at safepoint (normal execution)

VM Mutex/Monitor currently owned by a thread: None

Heap:
 PSYoungGen      total 112640K, used 51469K [0x000000076b500000, 0x0000000773400000, 0x00000007c0000000)
  eden space 97792K, 37% used [0x000000076b500000,0x000000076d8f84c8,0x0000000771480000)
  from space 14848K, 98% used [0x0000000772580000,0x00000007733cb260,0x0000000773400000)
  to   space 15872K, 0% used [0x0000000771500000,0x0000000771500000,0x0000000772480000)
 ParOldGen       total 116224K, used 17091K [0x00000006c1e00000, 0x00000006c8f80000, 0x000000076b500000)
  object space 116224K, 14% used [0x00000006c1e00000,0x00000006c2eb0f40,0x00000006c8f80000)
 Metaspace       used 24836K, capacity 25542K, committed 25648K, reserved 1071104K
  class space    used 2888K, capacity 3033K, committed 3120K, reserved 1048576K

Card table byte_map: [0x0000000012250000,0x0000000012a50000] byte_map_base: 0x000000000ec41000

Marking Bits: (ParMarkBitMap*) 0x00000000520c3c10
 Begin Bits: [0x00000000133a0000, 0x0000000017328000)
 End Bits:   [0x0000000017328000, 0x000000001b2b0000)

Polling page: 0x00000000009d0000

CodeCache: size=245760Kb used=14613Kb max_used=14613Kb free=231146Kb
 bounds [0x0000000002e90000, 0x0000000003cf0000, 0x0000000011e90000]
 total_blobs=4667 nmethods=4243 adapters=336
 compilation: enabled

Compilation events (10 events):
Event: 6.207 Thread 0x000000001c49a800 4700       3       com.sun.tools.javac.code.Scope::leave (160 bytes)
Event: 6.208 Thread 0x000000001c49a800 nmethod 4700 0x0000000003cde510 code [0x0000000003cde760, 0x0000000003cdf428]
Event: 6.218 Thread 0x000000001c49a800 4701       3       javax.tools.ForwardingJavaFileManager::list (15 bytes)
Event: 6.218 Thread 0x000000001c49a800 nmethod 4701 0x0000000003cdfb10 code [0x0000000003cdfc80, 0x0000000003cdfea8]
Event: 6.221 Thread 0x000000001c49a800 4703       3       com.sun.tools.javac.code.Scope::dup (30 bytes)
Event: 6.221 Thread 0x000000001c49a800 nmethod 4703 0x0000000003cdff90 code [0x0000000003ce0100, 0x0000000003ce0388]
Event: 6.229 Thread 0x000000001c49a800 4704       3       com.sun.tools.javac.comp.Check::checkFlags (799 bytes)
Event: 6.231 Thread 0x000000001c49a800 nmethod 4704 0x0000000003ce0490 code [0x0000000003ce08a0, 0x0000000003ce3368]
Event: 6.231 Thread 0x000000001c49a800 4705       3       com.sun.tools.javac.tree.TreeScanner::visitAssign (17 bytes)
Event: 6.231 Thread 0x000000001c49a800 nmethod 4705 0x0000000003ce4810 code [0x0000000003ce4980, 0x0000000003ce4c78]

GC Heap History (10 events):
Event: 3.622 GC heap before
{Heap before GC invocations=5 (full 0):
 PSYoungGen      total 76288K, used 76272K [0x000000076b500000, 0x0000000770a00000, 0x00000007c0000000)
  eden space 65536K, 100% used [0x000000076b500000,0x000000076f500000,0x000000076f500000)
  from space 10752K, 99% used [0x000000076ff80000,0x00000007709fc030,0x0000000770a00000)
  to   space 10752K, 0% used [0x000000076f500000,0x000000076f500000,0x000000076ff80000)
 ParOldGen       total 175104K, used 4745K [0x00000006c1e00000, 0x00000006cc900000, 0x000000076b500000)
  object space 175104K, 2% used [0x00000006c1e00000,0x00000006c22a2420,0x00000006cc900000)
 Metaspace       used 17634K, capacity 18048K, committed 18432K, reserved 1064960K
  class space    used 2054K, capacity 2187K, committed 2304K, reserved 1048576K
Event: 3.631 GC heap after
Heap after GC invocations=5 (full 0):
 PSYoungGen      total 76288K, used 10736K [0x000000076b500000, 0x0000000770a00000, 0x00000007c0000000)
  eden space 65536K, 0% used [0x000000076b500000,0x000000076b500000,0x000000076f500000)
  from space 10752K, 99% used [0x000000076f500000,0x000000076ff7c030,0x000000076ff80000)
  to   space 10752K, 0% used [0x000000076ff80000,0x000000076ff80000,0x0000000770a00000)
 ParOldGen       total 175104K, used 5577K [0x00000006c1e00000, 0x00000006cc900000, 0x000000076b500000)
  object space 175104K, 3% used [0x00000006c1e00000,0x00000006c2372430,0x00000006cc900000)
 Metaspace       used 17634K, capacity 18048K, committed 18432K, reserved 1064960K
  class space    used 2054K, capacity 2187K, committed 2304K, reserved 1048576K
}
Event: 4.236 GC heap before
{Heap before GC invocations=6 (full 0):
 PSYoungGen      total 76288K, used 45871K [0x000000076b500000, 0x0000000770a00000, 0x00000007c0000000)
  eden space 65536K, 53% used [0x000000076b500000,0x000000076d74ff30,0x000000076f500000)
  from space 10752K, 99% used [0x000000076f500000,0x000000076ff7c030,0x000000076ff80000)
  to   space 10752K, 0% used [0x000000076ff80000,0x000000076ff80000,0x0000000770a00000)
 ParOldGen       total 175104K, used 5577K [0x00000006c1e00000, 0x00000006cc900000, 0x000000076b500000)
  object space 175104K, 3% used [0x00000006c1e00000,0x00000006c2372430,0x00000006cc900000)
 Metaspace       used 20714K, capacity 21222K, committed 21296K, reserved 1069056K
  class space    used 2464K, capacity 2588K, committed 2608K, reserved 1048576K
Event: 4.247 GC heap after
Heap after GC invocations=6 (full 0):
 PSYoungGen      total 76288K, used 10735K [0x000000076b500000, 0x0000000770a00000, 0x00000007c0000000)
  eden space 65536K, 0% used [0x000000076b500000,0x000000076b500000,0x000000076f500000)
  from space 10752K, 99% used [0x000000076ff80000,0x00000007709fbc30,0x0000000770a00000)
  to   space 10752K, 0% used [0x000000076f500000,0x000000076f500000,0x000000076ff80000)
 ParOldGen       total 175104K, used 7563K [0x00000006c1e00000, 0x00000006cc900000, 0x000000076b500000)
  object space 175104K, 4% used [0x00000006c1e00000,0x00000006c2562e50,0x00000006cc900000)
 Metaspace       used 20714K, capacity 21222K, committed 21296K, reserved 1069056K
  class space    used 2464K, capacity 2588K, committed 2608K, reserved 1048576K
}
Event: 4.247 GC heap before
{Heap before GC invocations=7 (full 1):
 PSYoungGen      total 76288K, used 10735K [0x000000076b500000, 0x0000000770a00000, 0x00000007c0000000)
  eden space 65536K, 0% used [0x000000076b500000,0x000000076b500000,0x000000076f500000)
  from space 10752K, 99% used [0x000000076ff80000,0x00000007709fbc30,0x0000000770a00000)
  to   space 10752K, 0% used [0x000000076f500000,0x000000076f500000,0x000000076ff80000)
 ParOldGen       total 175104K, used 7563K [0x00000006c1e00000, 0x00000006cc900000, 0x000000076b500000)
  object space 175104K, 4% used [0x00000006c1e00000,0x00000006c2562e50,0x00000006cc900000)
 Metaspace       used 20714K, capacity 21222K, committed 21296K, reserved 1069056K
  class space    used 2464K, capacity 2588K, committed 2608K, reserved 1048576K
Event: 4.314 GC heap after
Heap after GC invocations=7 (full 1):
 PSYoungGen      total 76288K, used 0K [0x000000076b500000, 0x0000000770a00000, 0x00000007c0000000)
  eden space 65536K, 0% used [0x000000076b500000,0x000000076b500000,0x000000076f500000)
  from space 10752K, 0% used [0x000000076ff80000,0x000000076ff80000,0x0000000770a00000)
  to   space 10752K, 0% used [0x000000076f500000,0x000000076f500000,0x000000076ff80000)
 ParOldGen       total 116224K, used 16056K [0x00000006c1e00000, 0x00000006c8f80000, 0x000000076b500000)
  object space 116224K, 13% used [0x00000006c1e00000,0x00000006c2dae160,0x00000006c8f80000)
 Metaspace       used 20714K, capacity 21222K, committed 21296K, reserved 1069056K
  class space    used 2464K, capacity 2588K, committed 2608K, reserved 1048576K
}
Event: 4.663 GC heap before
{Heap before GC invocations=8 (full 1):
 PSYoungGen      total 76288K, used 65536K [0x000000076b500000, 0x0000000770a00000, 0x00000007c0000000)
  eden space 65536K, 100% used [0x000000076b500000,0x000000076f500000,0x000000076f500000)
  from space 10752K, 0% used [0x000000076ff80000,0x000000076ff80000,0x0000000770a00000)
  to   space 10752K, 0% used [0x000000076f500000,0x000000076f500000,0x000000076ff80000)
 ParOldGen       total 116224K, used 16056K [0x00000006c1e00000, 0x00000006c8f80000, 0x000000076b500000)
  object space 116224K, 13% used [0x00000006c1e00000,0x00000006c2dae160,0x00000006c8f80000)
 Metaspace       used 22280K, capacity 22886K, committed 23088K, reserved 1069056K
  class space    used 2633K, capacity 2780K, committed 2864K, reserved 1048576K
Event: 4.671 GC heap after
Heap after GC invocations=8 (full 1):
 PSYoungGen      total 76288K, used 10730K [0x000000076b500000, 0x0000000773400000, 0x00000007c0000000)
  eden space 65536K, 0% used [0x000000076b500000,0x000000076b500000,0x000000076f500000)
  from space 10752K, 99% used [0x000000076f500000,0x000000076ff7abf8,0x000000076ff80000)
  to   space 14848K, 0% used [0x0000000772580000,0x0000000772580000,0x0000000773400000)
 ParOldGen       total 116224K, used 17083K [0x00000006c1e00000, 0x00000006c8f80000, 0x000000076b500000)
  object space 116224K, 14% used [0x00000006c1e00000,0x00000006c2eaef40,0x00000006c8f80000)
 Metaspace       used 22280K, capacity 22886K, committed 23088K, reserved 1069056K
  class space    used 2633K, capacity 2780K, committed 2864K, reserved 1048576K
}
Event: 5.879 GC heap before
{Heap before GC invocations=9 (full 1):
 PSYoungGen      total 76288K, used 76266K [0x000000076b500000, 0x0000000773400000, 0x00000007c0000000)
  eden space 65536K, 100% used [0x000000076b500000,0x000000076f500000,0x000000076f500000)
  from space 10752K, 99% used [0x000000076f500000,0x000000076ff7abf8,0x000000076ff80000)
  to   space 14848K, 0% used [0x0000000772580000,0x0000000772580000,0x0000000773400000)
 ParOldGen       total 116224K, used 17083K [0x00000006c1e00000, 0x00000006c8f80000, 0x000000076b500000)
  object space 116224K, 14% used [0x00000006c1e00000,0x00000006c2eaef40,0x00000006c8f80000)
 Metaspace       used 24380K, capacity 25014K, committed 25136K, reserved 1071104K
  class space    used 2849K, capacity 3018K, committed 3120K, reserved 1048576K
Event: 5.887 GC heap after
Heap after GC invocations=9 (full 1):
 PSYoungGen      total 112640K, used 14636K [0x000000076b500000, 0x0000000773400000, 0x00000007c0000000)
  eden space 97792K, 0% used [0x000000076b500000,0x000000076b500000,0x0000000771480000)
  from space 14848K, 98% used [0x0000000772580000,0x00000007733cb260,0x0000000773400000)
  to   space 15872K, 0% used [0x0000000771500000,0x0000000771500000,0x0000000772480000)
 ParOldGen       total 116224K, used 17091K [0x00000006c1e00000, 0x00000006c8f80000, 0x000000076b500000)
  object space 116224K, 14% used [0x00000006c1e00000,0x00000006c2eb0f40,0x00000006c8f80000)
 Metaspace       used 24380K, capacity 25014K, committed 25136K, reserved 1071104K
  class space    used 2849K, capacity 3018K, committed 3120K, reserved 1048576K
}

Deoptimization events (10 events):
Event: 5.846 Thread 0x0000000002d93800 Uncommon trap: reason=class_check action=maybe_recompile pc=0x00000000037fd148 method=java.util.Collections$UnmodifiableMap$UnmodifiableEntrySet$UnmodifiableEntry.getValue()Ljava/lang/Object; @ 4
Event: 5.846 Thread 0x0000000002d93800 Uncommon trap: reason=class_check action=maybe_recompile pc=0x000000000379b9d0 method=java.util.Collections$UnmodifiableMap$UnmodifiableEntrySet$1.hasNext()Z @ 4
Event: 5.846 Thread 0x0000000002d93800 Uncommon trap: reason=class_check action=maybe_recompile pc=0x00000000037e8d74 method=java.util.Collections$UnmodifiableMap$UnmodifiableEntrySet$1.next()Ljava/util/Map$Entry; @ 8
Event: 5.846 Thread 0x0000000002d93800 Uncommon trap: reason=class_check action=maybe_recompile pc=0x00000000037d1508 method=java.util.Collections$UnmodifiableMap$UnmodifiableEntrySet$UnmodifiableEntry.getKey()Ljava/lang/Object; @ 4
Event: 5.846 Thread 0x0000000002d93800 Uncommon trap: reason=class_check action=maybe_recompile pc=0x00000000037fd148 method=java.util.Collections$UnmodifiableMap$UnmodifiableEntrySet$UnmodifiableEntry.getValue()Ljava/lang/Object; @ 4
Event: 5.916 Thread 0x0000000002d93800 Uncommon trap: reason=class_check action=maybe_recompile pc=0x000000000368a670 method=java.util.regex.Pattern$Branch.match(Ljava/util/regex/Matcher;ILjava/lang/CharSequence;)Z @ 50
Event: 5.916 Thread 0x0000000002d93800 Uncommon trap: reason=class_check action=maybe_recompile pc=0x000000000368a670 method=java.util.regex.Pattern$Branch.match(Ljava/util/regex/Matcher;ILjava/lang/CharSequence;)Z @ 50
Event: 5.916 Thread 0x0000000002d93800 Uncommon trap: reason=class_check action=maybe_recompile pc=0x000000000368a670 method=java.util.regex.Pattern$Branch.match(Ljava/util/regex/Matcher;ILjava/lang/CharSequence;)Z @ 50
Event: 5.916 Thread 0x0000000002d93800 Uncommon trap: reason=class_check action=maybe_recompile pc=0x000000000368a670 method=java.util.regex.Pattern$Branch.match(Ljava/util/regex/Matcher;ILjava/lang/CharSequence;)Z @ 50
Event: 6.151 Thread 0x0000000002d93800 Uncommon trap: reason=unstable_if action=reinterpret pc=0x00000000035cc758 method=java.io.BufferedWriter.flushBuffer()V @ 15

Classes redefined (0 events):
No events

Internal exceptions (10 events):
Event: 1.565 Thread 0x0000000002d93800 Implicit null exception at 0x000000000303a35b to 0x000000000303a53d
Event: 1.642 Thread 0x0000000002d93800 Implicit null exception at 0x00000000031f8e16 to 0x00000000031f91c1
Event: 1.642 Thread 0x0000000002d93800 Implicit null exception at 0x00000000030980d7 to 0x00000000030984f1
Event: 2.066 Thread 0x0000000002d93800 Implicit null exception at 0x0000000003286555 to 0x0000000003286759
Event: 2.066 Thread 0x0000000002d93800 Implicit null exception at 0x00000000031392ef to 0x0000000003139359
Event: 2.578 Thread 0x0000000002d93800 Implicit null exception at 0x00000000036f8bc3 to 0x00000000036f8e0d
Event: 3.372 Thread 0x0000000002d93800 Implicit null exception at 0x000000000370804f to 0x00000000037084a5
Event: 4.107 Thread 0x0000000002d93800 Exception <a 'java/lang/ClassNotFoundException': com/sun/tools/javac/api/JavacTool> (0x000000076cd2f158) thrown at [C:\re\workspace\8-2-build-windows-amd64-cygwin\jdk8u172\10810\hotspot\src\share\vm\classfile\systemDictionary.cpp, line 210]
Event: 4.589 Thread 0x0000000002d93800 Exception <a 'java/io/FileNotFoundException'> (0x000000076e8b8b10) thrown at [C:\re\workspace\8-2-build-windows-amd64-cygwin\jdk8u172\10810\hotspot\src\share\vm\prims\jni.cpp, line 709]
Event: 4.592 Thread 0x0000000002d93800 Exception <a 'java/io/FileNotFoundException'> (0x000000076e8ee048) thrown at [C:\re\workspace\8-2-build-windows-amd64-cygwin\jdk8u172\10810\hotspot\src\share\vm\prims\jni.cpp, line 709]

Events (10 events):
Event: 5.960 loading class com/sun/tools/javac/processing/JavacProcessingEnvironment$2 done
Event: 5.960 loading class com/sun/tools/javac/util/JCDiagnostic$1
Event: 5.960 loading class com/sun/tools/javac/util/JCDiagnostic$1 done
Event: 5.960 loading class com/sun/tools/javac/util/Log$2
Event: 5.960 loading class com/sun/tools/javac/util/Log$2 done
Event: 5.960 loading class com/sun/tools/javac/util/Log$WriterKind
Event: 5.960 loading class com/sun/tools/javac/util/Log$WriterKind done
Event: 6.151 Thread 0x0000000002d93800 Uncommon trap: trap_request=0xffffff65 fr.pc=0x00000000035cc758
Event: 6.151 Thread 0x0000000002d93800 DEOPT PACKING pc=0x00000000035cc758 sp=0x00000000012ed7f0
Event: 6.151 Thread 0x0000000002d93800 DEOPT UNPACKING pc=0x0000000002ed583b sp=0x00000000012ed7f8 mode 2


Dynamic libraries:
0x00007ff61d750000 - 0x00007ff61d787000 	C:\Program Files\Java\jdk1.8.0_172\bin\java.exe
0x00007fff067c0000 - 0x00007fff069b0000 	C:\WINDOWS\SYSTEM32\ntdll.dll
0x00007fff04870000 - 0x00007fff04922000 	C:\WINDOWS\System32\KERNEL32.DLL
0x00007fff039d0000 - 0x00007fff03c75000 	C:\WINDOWS\System32\KERNELBASE.dll
0x00007fff04ff0000 - 0x00007fff05093000 	C:\WINDOWS\System32\ADVAPI32.dll
0x00007fff05930000 - 0x00007fff059ce000 	C:\WINDOWS\System32\msvcrt.dll
0x00007fff05580000 - 0x00007fff05617000 	C:\WINDOWS\System32\sechost.dll
0x00007fff04a90000 - 0x00007fff04baf000 	C:\WINDOWS\System32\RPCRT4.dll
0x00007fff05a40000 - 0x00007fff05bd4000 	C:\WINDOWS\System32\USER32.dll
0x00007fff04740000 - 0x00007fff04761000 	C:\WINDOWS\System32\win32u.dll
0x00007fff04ef0000 - 0x00007fff04f16000 	C:\WINDOWS\System32\GDI32.dll
0x00007fff04500000 - 0x00007fff04698000 	C:\WINDOWS\System32\gdi32full.dll
0x00007fff046a0000 - 0x00007fff0473e000 	C:\WINDOWS\System32\msvcp_win.dll
0x00007fff04400000 - 0x00007fff044fa000 	C:\WINDOWS\System32\ucrtbase.dll
0x00007ffeedd70000 - 0x00007ffeedff4000 	C:\WINDOWS\WinSxS\amd64_microsoft.windows.common-controls_6595b64144ccf1df_6.0.18362.1440_none_9e7dbfb9e45e8e67\COMCTL32.dll
0x00007fff04bb0000 - 0x00007fff04ee6000 	C:\WINDOWS\System32\combase.dll
0x00007fff03750000 - 0x00007fff037d1000 	C:\WINDOWS\System32\bcryptPrimitives.dll
0x00007fff05f40000 - 0x00007fff05f6e000 	C:\WINDOWS\System32\IMM32.DLL
0x0000000052170000 - 0x0000000052242000 	C:\Program Files\Java\jdk1.8.0_172\jre\bin\msvcr100.dll
0x00000000518a0000 - 0x0000000052143000 	C:\Program Files\Java\jdk1.8.0_172\jre\bin\server\jvm.dll
0x00007fff05d80000 - 0x00007fff05d88000 	C:\WINDOWS\System32\PSAPI.DLL
0x00007ffeefd10000 - 0x00007ffeefd19000 	C:\WINDOWS\SYSTEM32\WSOCK32.dll
0x00007fff01050000 - 0x00007fff01074000 	C:\WINDOWS\SYSTEM32\WINMM.dll
0x00007ffefc4e0000 - 0x00007ffefc4ea000 	C:\WINDOWS\SYSTEM32\VERSION.dll
0x00007fff058c0000 - 0x00007fff0592f000 	C:\WINDOWS\System32\WS2_32.dll
0x00007fff01020000 - 0x00007fff0104d000 	C:\WINDOWS\SYSTEM32\WINMMBASE.dll
0x00007fff04770000 - 0x00007fff047ba000 	C:\WINDOWS\System32\cfgmgr32.dll
0x0000000052330000 - 0x000000005233f000 	C:\Program Files\Java\jdk1.8.0_172\jre\bin\verify.dll
0x0000000052300000 - 0x0000000052329000 	C:\Program Files\Java\jdk1.8.0_172\jre\bin\java.dll
0x00000000517c0000 - 0x00000000517e3000 	C:\Program Files\Java\jdk1.8.0_172\jre\bin\instrument.dll
0x0000000051880000 - 0x0000000051896000 	C:\Program Files\Java\jdk1.8.0_172\jre\bin\zip.dll
0x00007fff05f70000 - 0x00007fff06658000 	C:\WINDOWS\System32\SHELL32.dll
0x00007fff066d0000 - 0x00007fff06777000 	C:\WINDOWS\System32\shcore.dll
0x00007fff03c80000 - 0x00007fff043fb000 	C:\WINDOWS\System32\windows.storage.dll
0x00007fff036a0000 - 0x00007fff036be000 	C:\WINDOWS\System32\profapi.dll
0x00007fff036c0000 - 0x00007fff0370a000 	C:\WINDOWS\System32\powrprof.dll
0x00007fff03670000 - 0x00007fff03680000 	C:\WINDOWS\System32\UMPDC.dll
0x00007fff05510000 - 0x00007fff05562000 	C:\WINDOWS\System32\shlwapi.dll
0x00007fff03680000 - 0x00007fff03691000 	C:\WINDOWS\System32\kernel.appcore.dll
0x00007fff03730000 - 0x00007fff03747000 	C:\WINDOWS\System32\cryptsp.dll
0x00007ffef4c00000 - 0x00007ffef4c1a000 	C:\Program Files\JetBrains\IntelliJ IDEA Community Edition 2019.2.4\bin\breakgen64.dll
0x0000000051860000 - 0x000000005187a000 	C:\Program Files\Java\jdk1.8.0_172\jre\bin\net.dll
0x00007fff02e50000 - 0x00007fff02eb7000 	C:\WINDOWS\system32\mswsock.dll
0x00007fff029d0000 - 0x00007fff02a03000 	C:\WINDOWS\system32\rsaenh.dll
0x00007fff039a0000 - 0x00007fff039c6000 	C:\WINDOWS\System32\bcrypt.dll
0x00007fff03590000 - 0x00007fff035b5000 	C:\WINDOWS\SYSTEM32\USERENV.dll
0x00007fff03020000 - 0x00007fff0302c000 	C:\WINDOWS\SYSTEM32\CRYPTBASE.dll
0x00007fff02b60000 - 0x00007fff02b9a000 	C:\WINDOWS\SYSTEM32\IPHLPAPI.DLL
0x00007fff06660000 - 0x00007fff06668000 	C:\WINDOWS\System32\NSI.dll
0x00007ffefdb50000 - 0x00007ffefdb66000 	C:\WINDOWS\SYSTEM32\dhcpcsvc6.DLL
0x00007ffefc7d0000 - 0x00007ffefc7ec000 	C:\WINDOWS\SYSTEM32\dhcpcsvc.DLL
0x00007fff02ba0000 - 0x00007fff02c6b000 	C:\WINDOWS\SYSTEM32\DNSAPI.dll
0x0000000051840000 - 0x0000000051851000 	C:\Program Files\Java\jdk1.8.0_172\jre\bin\nio.dll
0x00007ffefe390000 - 0x00007ffefe39a000 	C:\Users\adandekar\AppData\Local\Temp\jansi-1.17.1-3154771739705067452.dll
0x00007ffefdaf0000 - 0x00007ffefdafa000 	C:\Users\adandekar\AppData\Local\Temp\jansi-1.17.1-7185557489345063941.dll

VM Arguments:
jvm_args: -Dmaven.multiModuleProjectDirectory=D:\myWork\docs\Personal\Projects\CodingChanllenges\JobManagementSystem -Dmaven.home=C:\Program Files\JetBrains\IntelliJ IDEA Community Edition 2019.2.4\plugins\maven\lib\maven3 -Dclassworlds.conf=C:\Program Files\JetBrains\IntelliJ IDEA Community Edition 2019.2.4\plugins\maven\lib\maven3\bin\m2.conf -Dmaven.ext.class.path=C:\Program Files\JetBrains\IntelliJ IDEA Community Edition 2019.2.4\plugins\maven\lib\maven-event-listener.jar -javaagent:C:\Program Files\JetBrains\IntelliJ IDEA Community Edition 2019.2.4\lib\idea_rt.jar=56567:C:\Program Files\JetBrains\IntelliJ IDEA Community Edition 2019.2.4\bin -Dfile.encoding=UTF-8 -Djava.net.preferIPv4Stack=true 
java_command: org.codehaus.classworlds.Launcher -Didea.version2019.2.4 compile
java_class_path (initial): C:\Program Files\JetBrains\IntelliJ IDEA Community Edition 2019.2.4\plugins\maven\lib\maven3\boot\plexus-classworlds-2.6.0.jar;C:\Program Files\JetBrains\IntelliJ IDEA Community Edition 2019.2.4\lib\idea_rt.jar
Launcher Type: SUN_STANDARD

Environment Variables:
JAVA_HOME=C:\Program Files\Java\jdk1.8.0_172
_JAVA_OPTIONS=-Djava.net.preferIPv4Stack=true
PATH=C:\Program Files (x86)\Common Files\Oracle\Java\javapath;C:\WINDOWS\system32;C:\WINDOWS;C:\WINDOWS\System32\Wbem;C:\WINDOWS\System32\WindowsPowerShell\v1.0\;C:\WINDOWS\System32\OpenSSH\;C:\Program Files (x86)\Intel\Intel(R) Management Engine Components\DAL;C:\Program Files\Intel\Intel(R) Management Engine Components\DAL;C:\Program Files\TortoiseSVN\bin;C:\Program Files\Java\jdk1.8.0_172\bin;D:\Installations\apache-maven-3.2.1\bin;C:\Program Files\PuTTY\;C:\Program Files\SlikSvn\bin;C:\Program Files\nodejs\;C:\Program Files (x86)\Sennheiser\SenncomSDK\;C:\Users\adandekar\AppData\Local\Microsoft\WindowsApps;C:\Users\adandekar\AppData\Roaming\npm;C:\Users\adandekar\AppData\Local\Programs\Git\cmd;C:\Users\adandekar\AppData\Local\Programs\Microsoft VS Code\bin
USERNAME=adandekar
OS=Windows_NT
PROCESSOR_IDENTIFIER=Intel64 Family 6 Model 142 Stepping 11, GenuineIntel



---------------  S Y S T E M  ---------------

OS: Windows 10.0 , 64 bit Build 18362 (10.0.18362.1350)

CPU:total 4 (initial active 4) (4 cores per cpu, 2 threads per core) family 6 model 142 stepping 11, cmov, cx8, fxsr, mmx, sse, sse2, sse3, ssse3, sse4.1, sse4.2, popcnt, avx, avx2, aes, clmul, erms, 3dnowpref, lzcnt, ht, tsc, tscinvbit, bmi1, bmi2, adx

Memory: 4k page, physical 16647884k(1537220k free), swap 33809480k(5140k free)

vm_info: Java HotSpot(TM) 64-Bit Server VM (25.172-b11) for windows-amd64 JRE (1.8.0_172-b11), built on Mar 28 2018 21:21:52 by "java_re" with MS VC++ 10.0 (VS2010)

time: Sun Aug 01 16:02:02 2021
elapsed time: 6 seconds (0d 0h 0m 6s)

